<?xml version="1.0" encoding="UTF-8"?>
<!-- Generated by org.testng.reporters.JUnitReportReporter -->
<testsuite skipped="0" hostname="WINDOWS-QPGR7D9" name="testcases.TC001_Get_all_employees" tests="9" failures="0" timestamp="2019-11-03T16:27:40 IST" time="0.086" errors="0">
  <testcase name="checkStatusCode" time="0.003" classname="testcases.TC001_Get_all_employees"/>
  <testcase name="checkStatusLine" time="0.001" classname="testcases.TC001_Get_all_employees"/>
  <testcase name="checkCookies" time="0.002" classname="testcases.TC001_Get_all_employees"/>
  <testcase name="CheckResponseBody" time="0.067" classname="testcases.TC001_Get_all_employees"/>
  <testcase name="checkContentLength" time="0.002" classname="testcases.TC001_Get_all_employees"/>
  <testcase name="checkContentType" time="0.003" classname="testcases.TC001_Get_all_employees"/>
  <testcase name="checkServerType" time="0.002" classname="testcases.TC001_Get_all_employees"/>
  <testcase name="checkResponseTime" time="0.002" classname="testcases.TC001_Get_all_employees"/>
  <testcase name="checkContentEncoding" time="0.004" classname="testcases.TC001_Get_all_employees"/>
</testsuite> <!-- testcases.TC001_Get_all_employees -->
