<?xml version="1.0" encoding="UTF-8"?>
<!-- Generated by org.testng.reporters.JUnitReportReporter -->
<testsuite skipped="0" hostname="WINDOWS-QPGR7D9" name="testcases.TC002_Get_Single_Employee_Record" tests="7" failures="0" timestamp="2019-11-03T16:49:29 IST" time="0.030" errors="0">
  <testcase name="checkResponseTime" time="0.000" classname="testcases.TC002_Get_Single_Employee_Record"/>
  <testcase name="checkStatusLine" time="0.000" classname="testcases.TC002_Get_Single_Employee_Record"/>
  <testcase name="checkContentLength" time="0.011" classname="testcases.TC002_Get_Single_Employee_Record"/>
  <testcase name="checkContentType" time="0.002" classname="testcases.TC002_Get_Single_Employee_Record"/>
  <testcase name="checkResponseBody" time="0.016" classname="testcases.TC002_Get_Single_Employee_Record"/>
  <testcase name="checkStatusCode" time="0.000" classname="testcases.TC002_Get_Single_Employee_Record"/>
  <testcase name="checkServerType" time="0.001" classname="testcases.TC002_Get_Single_Employee_Record"/>
</testsuite> <!-- testcases.TC002_Get_Single_Employee_Record -->
