<?xml version="1.0" encoding="UTF-8"?>
<!-- Generated by org.testng.reporters.JUnitReportReporter -->
<testsuite skipped="0" hostname="WINDOWS-QPGR7D9" name="com.employeeapi.testcases.TC003_Post_Employee_record" tests="6" failures="0" timestamp="2019-11-03T20:53:36 IST" time="0.026" errors="0">
  <testcase name="checkcontentEncoding" time="0.000" classname="com.employeeapi.testcases.TC003_Post_Employee_record"/>
  <testcase name="checkStatusCode" time="0.006" classname="com.employeeapi.testcases.TC003_Post_Employee_record"/>
  <testcase name="checkstatusLine" time="0.000" classname="com.employeeapi.testcases.TC003_Post_Employee_record"/>
  <testcase name="checkResponseBody" time="0.011" classname="com.employeeapi.testcases.TC003_Post_Employee_record"/>
  <testcase name="checkContentType" time="0.009" classname="com.employeeapi.testcases.TC003_Post_Employee_record"/>
  <testcase name="checkserverType" time="0.000" classname="com.employeeapi.testcases.TC003_Post_Employee_record"/>
</testsuite> <!-- com.employeeapi.testcases.TC003_Post_Employee_record -->
