<?xml version="1.0" encoding="UTF-8"?>
<!-- Generated by org.testng.reporters.JUnitReportReporter -->
<testsuite skipped="0" hostname="WINDOWS-QPGR7D9" name="testcases.TC003_Post_Employee_record" tests="6" failures="0" timestamp="2019-11-03T19:25:35 IST" time="0.026" errors="0">
  <testcase name="checkserverType" time="0.000" classname="testcases.TC003_Post_Employee_record"/>
  <testcase name="checkResponseBody" time="0.010" classname="testcases.TC003_Post_Employee_record"/>
  <testcase name="checkstatusLine" time="0.001" classname="testcases.TC003_Post_Employee_record"/>
  <testcase name="checkcontentEncoding" time="0.001" classname="testcases.TC003_Post_Employee_record"/>
  <testcase name="checkContentType" time="0.013" classname="testcases.TC003_Post_Employee_record"/>
  <testcase name="checkStatusCode" time="0.001" classname="testcases.TC003_Post_Employee_record"/>
</testsuite> <!-- testcases.TC003_Post_Employee_record -->
