<?xml version="1.0" encoding="UTF-8"?>
<!-- Generated by org.testng.reporters.JUnitReportReporter -->
<testsuite skipped="0" hostname="WINDOWS-QPGR7D9" name="testcases.TC004_Put_Employee_Record" tests="6" failures="0" timestamp="2019-11-03T19:29:33 IST" time="0.036" errors="0">
  <testcase name="checkStatusCode" time="0.000" classname="testcases.TC004_Put_Employee_Record"/>
  <testcase name="checkstatusLine" time="0.001" classname="testcases.TC004_Put_Employee_Record"/>
  <testcase name="checkContentType" time="0.022" classname="testcases.TC004_Put_Employee_Record"/>
  <testcase name="checkcontentEncoding" time="0.001" classname="testcases.TC004_Put_Employee_Record"/>
  <testcase name="checkserverType" time="0.000" classname="testcases.TC004_Put_Employee_Record"/>
  <testcase name="checkResposeBody" time="0.012" classname="testcases.TC004_Put_Employee_Record"/>
</testsuite> <!-- testcases.TC004_Put_Employee_Record -->
