<?xml version="1.0" encoding="UTF-8"?>
<!-- Generated by org.testng.reporters.JUnitReportReporter -->
<testsuite skipped="0" hostname="WINDOWS-QPGR7D9" name="com.employeeapi.testcases.TC004_Put_Employee_Record" tests="6" failures="0" timestamp="2019-11-03T20:53:36 IST" time="0.011" errors="0">
  <testcase name="checkResposeBody" time="0.004" classname="com.employeeapi.testcases.TC004_Put_Employee_Record"/>
  <testcase name="checkStatusCode" time="0.002" classname="com.employeeapi.testcases.TC004_Put_Employee_Record"/>
  <testcase name="checkcontentEncoding" time="0.002" classname="com.employeeapi.testcases.TC004_Put_Employee_Record"/>
  <testcase name="checkserverType" time="0.000" classname="com.employeeapi.testcases.TC004_Put_Employee_Record"/>
  <testcase name="checkstatusLine" time="0.001" classname="com.employeeapi.testcases.TC004_Put_Employee_Record"/>
  <testcase name="checkContentType" time="0.002" classname="com.employeeapi.testcases.TC004_Put_Employee_Record"/>
</testsuite> <!-- com.employeeapi.testcases.TC004_Put_Employee_Record -->
