<?xml version="1.0" encoding="UTF-8"?>
<!-- Generated by org.testng.reporters.JUnitReportReporter -->
<testsuite skipped="0" hostname="WINDOWS-QPGR7D9" name="com.employeeapi.testcases.TC005_Delete_Employee_record" tests="6" failures="0" timestamp="2019-11-03T21:03:41 IST" time="0.018" errors="0">
  <testcase name="checkserverType" time="0.003" classname="com.employeeapi.testcases.TC005_Delete_Employee_record"/>
  <testcase name="checkStatusCode" time="0.003" classname="com.employeeapi.testcases.TC005_Delete_Employee_record"/>
  <testcase name="checkContentType" time="0.003" classname="com.employeeapi.testcases.TC005_Delete_Employee_record"/>
  <testcase name="checkstatusLine" time="0.002" classname="com.employeeapi.testcases.TC005_Delete_Employee_record"/>
  <testcase name="checkcontentEncoding" time="0.003" classname="com.employeeapi.testcases.TC005_Delete_Employee_record"/>
  <testcase name="checkResponseBody" time="0.004" classname="com.employeeapi.testcases.TC005_Delete_Employee_record"/>
</testsuite> <!-- com.employeeapi.testcases.TC005_Delete_Employee_record -->
