<?xml version="1.0" encoding="UTF-8"?>
<!-- Generated by org.testng.reporters.JUnitReportReporter -->
<testsuite skipped="0" hostname="WINDOWS-QPGR7D9" name="com.employeeapi.testcases.TC002_Get_Single_Employee_Record" tests="7" failures="0" timestamp="2019-11-03T21:03:41 IST" time="0.002" errors="0">
  <testcase name="checkServerType" time="0.000" classname="com.employeeapi.testcases.TC002_Get_Single_Employee_Record"/>
  <testcase name="checkContentType" time="0.000" classname="com.employeeapi.testcases.TC002_Get_Single_Employee_Record"/>
  <testcase name="checkStatusCode" time="0.000" classname="com.employeeapi.testcases.TC002_Get_Single_Employee_Record"/>
  <testcase name="checkContentLength" time="0.001" classname="com.employeeapi.testcases.TC002_Get_Single_Employee_Record"/>
  <testcase name="checkResponseBody" time="0.001" classname="com.employeeapi.testcases.TC002_Get_Single_Employee_Record"/>
  <testcase name="checkStatusLine" time="0.000" classname="com.employeeapi.testcases.TC002_Get_Single_Employee_Record"/>
  <testcase name="checkResponseTime" time="0.000" classname="com.employeeapi.testcases.TC002_Get_Single_Employee_Record"/>
</testsuite> <!-- com.employeeapi.testcases.TC002_Get_Single_Employee_Record -->
