<?xml version="1.0" encoding="UTF-8"?>
<!-- Generated by org.testng.reporters.JUnitReportReporter -->
<testsuite skipped="0" hostname="WINDOWS-QPGR7D9" name="com.employeeapi.testcases.TC001_Get_all_employees" tests="9" failures="0" timestamp="2019-11-03T21:03:41 IST" time="0.112" errors="0">
  <testcase name="CheckResponseBody" time="0.086" classname="com.employeeapi.testcases.TC001_Get_all_employees"/>
  <testcase name="checkCookies" time="0.001" classname="com.employeeapi.testcases.TC001_Get_all_employees"/>
  <testcase name="checkStatusLine" time="0.002" classname="com.employeeapi.testcases.TC001_Get_all_employees"/>
  <testcase name="checkResponseTime" time="0.005" classname="com.employeeapi.testcases.TC001_Get_all_employees"/>
  <testcase name="checkContentLength" time="0.000" classname="com.employeeapi.testcases.TC001_Get_all_employees"/>
  <testcase name="checkServerType" time="0.001" classname="com.employeeapi.testcases.TC001_Get_all_employees"/>
  <testcase name="checkStatusCode" time="0.003" classname="com.employeeapi.testcases.TC001_Get_all_employees"/>
  <testcase name="checkContentType" time="0.014" classname="com.employeeapi.testcases.TC001_Get_all_employees"/>
  <testcase name="checkContentEncoding" time="0.000" classname="com.employeeapi.testcases.TC001_Get_all_employees"/>
</testsuite> <!-- com.employeeapi.testcases.TC001_Get_all_employees -->
